<?xml version="1.0" encoding="UTF-8"?>
<testsuite xmlns:xsi="http://www.w3.org/2001/XMLSchema-instance" xsi:noNamespaceSchemaLocation="https://maven.apache.org/surefire/maven-surefire-plugin/xsd/surefire-test-report.xsd" name="testRun" time="28.105" tests="5" errors="2" skipped="1" failures="0">
  <properties>
    <property name="PROCESSOR_ARCHITECTURE" value="AMD64"/>
    <property name="file.encoding.pkg" value="sun.io"/>
    <property name="LOGONSERVER" value="\\DESKTOP-PHM18A9"/>
    <property name="ProgramData" value="C:\ProgramData"/>
    <property name="java.home" value="C:\Program Files\Java\jdk1.8.0_171\jre"/>
    <property name="NODE_NAME" value="master"/>
    <property name="JENKINS_URL" value="http://localhost:443/"/>
    <property name="ALLUSERSPROFILE" value="C:\ProgramData"/>
    <property name="java.endorsed.dirs" value="C:\Program Files\Java\jdk1.8.0_171\jre\lib\endorsed"/>
    <property name="PSModulePath" value="C:\Program Files\WindowsPowerShell\Modules;C:\WINDOWS\system32\WindowsPowerShell\v1.0\Modules"/>
    <property name="=::" value="::\"/>
    <property name="USERDOMAIN" value="AzureAD"/>
    <property name="sun.os.patch.level" value=""/>
    <property name="java.vendor.url" value="http://java.oracle.com/"/>
    <property name="JAVA_OPTS" value="-Xmx1024m"/>
    <property name="CommonProgramFiles(x86)" value="C:\Program Files (x86)\Common Files"/>
    <property name="java.version" value="1.8.0_171"/>
    <property name="JOB_NAME" value="CONCucumber"/>
    <property name="COMPUTERNAME" value="DESKTOP-PHM18A9"/>
    <property name="MSJAVA_ENABLE_MONITORS" value="1"/>
    <property name="ANDROID_HOME" value="C:\Users\SaifZaghloul\AppData\Local\Android\Sdk"/>
    <property name="java.vendor.url.bug" value="http://bugreport.sun.com/bugreport/"/>
    <property name="PUBLIC" value="C:\Users\Public"/>
    <property name="user.name" value="SaifZaghloul"/>
    <property name="sun.io.unicode.encoding" value="UnicodeLittle"/>
    <property name="sun.jnu.encoding" value="Cp1252"/>
    <property name="java.runtime.name" value="Java(TM) SE Runtime Environment"/>
    <property name="windir" value="C:\WINDOWS"/>
    <property name="PROCESSOR_IDENTIFIER" value="Intel64 Family 6 Model 61 Stepping 4, GenuineIntel"/>
    <property name="java.specification.name" value="Java Platform API Specification"/>
    <property name="LOCALAPPDATA" value="C:\Users\SaifZaghloul\AppData\Local"/>
    <property name="RUN_CHANGES_DISPLAY_URL" value="http://localhost:443/job/CONCucumber/13/display/redirect?page=changes"/>
    <property name="JDK_HOME" value="C:\Program Files\Java\jdk1.8.0_171"/>
    <property name="user.timezone" value="Africa/Cairo"/>
    <property name="user.script" value=""/>
    <property name="path.separator" value=";"/>
    <property name="NUMBER_OF_PROCESSORS" value="4"/>
    <property name="BUILD_TAG" value="jenkins-CONCucumber-13"/>
    <property name="file.encoding" value="Cp1252"/>
    <property name="sun.java.command" value="jenkins.maven3.agent.Maven35Main C:\Users\SaifZaghloul\.jenkins\tools\hudson.tasks.Maven_MavenInstallation\Maven C:\Users\SaifZaghloul\.jenkins\war\WEB-INF\lib\remoting-3.27.jar C:\Users\SaifZaghloul\.jenkins\plugins\maven-plugin\WEB-INF\lib\maven35-interceptor-1.12-alpha-1.jar C:\Users\SaifZaghloul\.jenkins\plugins\maven-plugin\WEB-INF\lib\maven3-interceptor-commons-1.12-alpha-1.jar 9879"/>
    <property name="HUDSON_URL" value="http://localhost:443/"/>
    <property name="JENKINS_SERVER_COOKIE" value="f9c8c0baca9b712a"/>
    <property name="EXECUTOR_NUMBER" value="0"/>
    <property name="Path" value="C:\Program Files\Java\jdk1.8.0_171/bin;C:\ProgramData\Oracle\Java\javapath;C:\Program Files\Java\jdk1.8.0_171\bin;C:\WINDOWS\system32;C:\WINDOWS;C:\WINDOWS\System32\Wbem;C:\WINDOWS\System32\WindowsPowerShell\v1.0\;C:\Program Files (x86)\HPE\Unified Functional Testing\bin;C:\Users\SaifZaghloul\AppData\Roaming\nvm;C:\Program Files\nodejs;C:\Program Files\Git\cmd;C:\Users\SaifZaghloul\AppData\Local\Android\Sdk\platform-tools;C:\WINDOWS\System32\OpenSSH\;C:\Program Files\Microsoft VS Code\bin;C:\Users\SaifZaghloul\AppData\Local\Android\Sdk;C:\Users\SaifZaghloul\.android\avd;C:\Users\SaifZaghloul\AppData\Local\Microsoft\WindowsApps;C:\Users\SaifZaghloul\AppData\Roaming\npm;C:\Program Files (x86)\Nmap;C:\Users\SaifZaghloul\AppData\Roaming\nvm;C:\Program Files\nodejs;C:\Users\SaifZaghloul\AppData\Local\Microsoft\WindowsApps;C:\Users\SaifZaghloul\AppData\Roaming\npm;C:\Users\SaifZaghloul\AppData\Roaming\nvm;C:\Program Files\nodejs;C:\Program Files (x86)\Nmap"/>
    <property name="ANDROID_AVD_HOME" value="C:\Users\SaifZaghloul\.android\avd"/>
    <property name="java.io.tmpdir" value="C:\Users\SAIFZA~1\AppData\Local\Temp\"/>
    <property name="APPDATA" value="C:\Users\SaifZaghloul\AppData\Roaming"/>
    <property name="user.language" value="en"/>
    <property name="_classload_hook" value="jvmhook"/>
    <property name="line.separator" value="&#10;"/>
    <property name="BUILD_URL" value="http://localhost:443/job/CONCucumber/13/"/>
    <property name="M2_HOME" value="C:\Users\SaifZaghloul\.jenkins\tools\hudson.tasks.Maven_MavenInstallation\Maven"/>
    <property name="=C:" value="C:\Users\SaifZaghloul\Downloads"/>
    <property name="java.vm.info" value="mixed mode"/>
    <property name="DriverData" value="C:\Windows\System32\Drivers\DriverData"/>
    <property name="sun.desktop" value="windows"/>
    <property name="java.vm.specification.name" value="Java Virtual Machine Specification"/>
    <property name="BUILD_DISPLAY_NAME" value="#13"/>
    <property name="OS" value="Windows_NT"/>
    <property name="NVM_SYMLINK" value="C:\Program Files\nodejs"/>
    <property name="guice.disable.misplaced.annotation.check" value="true"/>
    <property name="HUDSON_SERVER_COOKIE" value="f9c8c0baca9b712a"/>
    <property name="JRE_HOME" value="C:\Program Files\Java\jdk1.8.0_171\jre"/>
    <property name="MAVEN_HOME" value="C:\Users\SaifZaghloul\.jenkins\tools\hudson.tasks.Maven_MavenInstallation\Maven"/>
    <property name="SESSIONNAME" value="Console"/>
    <property name="PATHEXT" value=".COM;.EXE;.BAT;.CMD;.VBS;.VBE;.JS;.JSE;.WSF;.WSH;.MSC"/>
    <property name="java.awt.printerjob" value="sun.awt.windows.WPrinterJob"/>
    <property name="maven3.interceptor.common" value="C:\Users\SaifZaghloul\.jenkins\plugins\maven-plugin\WEB-INF\lib\maven3-interceptor-commons-1.12-alpha-1.jar"/>
    <property name="CLASSPATH" value=""/>
    <property name="HOMEPATH" value="\Users\SaifZaghloul"/>
    <property name="os.name" value="Windows 10"/>
    <property name="java.specification.vendor" value="Oracle Corporation"/>
    <property name="=A:" value="A:\"/>
    <property name="java.vm.name" value="Java HotSpot(TM) 64-Bit Server VM"/>
    <property name="BUILD_NUMBER" value="13"/>
    <property name="maven3.interceptor" value="C:\Users\SaifZaghloul\.jenkins\plugins\maven-plugin\WEB-INF\lib\maven35-interceptor-1.12-alpha-1.jar"/>
    <property name="java.library.path" value="C:\Program Files\Java\jdk1.8.0_171\bin;C:\WINDOWS\Sun\Java\bin;C:\WINDOWS\system32;C:\WINDOWS;C:\Users\SaifZaghloul\.jenkins\tools\hudson.tasks.Maven_MavenInstallation\Maven/bin;C:\Program Files\Java\jdk1.8.0_171/bin;C:\Program Files\Java\jdk1.8.0_171/bin;C:\ProgramData\Oracle\Java\javapath;C:\Program Files\Java\jdk1.8.0_171\bin;C:\WINDOWS\system32;C:\WINDOWS;C:\WINDOWS\System32\Wbem;C:\WINDOWS\System32\WindowsPowerShell\v1.0\;C:\Program Files (x86)\HPE\Unified Functional Testing\bin;C:\Users\SaifZaghloul\AppData\Roaming\nvm;C:\Program Files\nodejs;C:\Program Files\Git\cmd;C:\Users\SaifZaghloul\AppData\Local\Android\Sdk\platform-tools;C:\WINDOWS\System32\OpenSSH\;C:\Program Files\Microsoft VS Code\bin;C:\Users\SaifZaghloul\AppData\Local\Android\Sdk;C:\Users\SaifZaghloul\.android\avd;C:\Users\SaifZaghloul\AppData\Local\Microsoft\WindowsApps;C:\Users\SaifZaghloul\AppData\Roaming\npm;C:\Program Files (x86)\Nmap;C:\Users\SaifZaghloul\AppData\Roaming\nvm;C:\Program Files\nodejs;C:\Users\SaifZaghloul\AppData\Local\Microsoft\WindowsApps;C:\Users\SaifZaghloul\AppData\Roaming\npm;C:\Users\SaifZaghloul\AppData\Roaming\nvm;C:\Program Files\nodejs;C:\Program Files (x86)\Nmap;."/>
    <property name="HOMEDRIVE" value="C:"/>
    <property name="POM_GROUPID" value="MavenCON"/>
    <property name="POM_ARTIFACTID" value="Trial"/>
    <property name="java.class.version" value="52.0"/>
    <property name="JOB_URL" value="http://localhost:443/job/CONCucumber/"/>
    <property name="NVM_HOME" value="C:\Users\SaifZaghloul\AppData\Roaming\nvm"/>
    <property name="OneDrive" value="C:\Users\SaifZaghloul\OneDrive"/>
    <property name="RUN_DISPLAY_URL" value="http://localhost:443/job/CONCucumber/13/display/redirect"/>
    <property name="VBOX_MSI_INSTALL_PATH" value="C:\Program Files\Oracle\VirtualBox\"/>
    <property name="JENKINS_HOME" value="C:\Users\SaifZaghloul\.jenkins"/>
    <property name="BUILD_ID" value="13"/>
    <property name="TEMP" value="C:\Users\SAIFZA~1\AppData\Local\Temp"/>
    <property name="sun.boot.library.path" value="C:\Program Files\Java\jdk1.8.0_171\jre\bin"/>
    <property name="sun.management.compiler" value="HotSpot 64-Bit Tiered Compilers"/>
    <property name="java.awt.graphicsenv" value="sun.awt.Win32GraphicsEnvironment"/>
    <property name="user.variant" value=""/>
    <property name="PROCESSOR_REVISION" value="3d04"/>
    <property name="POM_VERSION" value="0.0.1-SNAPSHOT"/>
    <property name="HUDSON_HOME" value="C:\Users\SaifZaghloul\.jenkins"/>
    <property name="ProgramFiles(x86)" value="C:\Program Files (x86)"/>
    <property name="PATH+MAVEN" value="C:\Users\SaifZaghloul\.jenkins\tools\hudson.tasks.Maven_MavenInstallation\Maven/bin"/>
    <property name="USERDOMAIN_ROAMINGPROFILE" value="AzureAD"/>
    <property name="PROMPT" value="$P$G"/>
    <property name="java.vm.specification.version" value="1.8"/>
    <property name="JAVA_HOME" value="C:\Program Files\Java\jdk1.8.0_171"/>
    <property name="awt.toolkit" value="sun.awt.windows.WToolkit"/>
    <property name="NODE_LABELS" value="master"/>
    <property name="sun.cpu.isalist" value="amd64"/>
    <property name="USERPROFILE" value="C:\Users\SaifZaghloul"/>
    <property name="JOB_DISPLAY_URL" value="http://localhost:443/job/CONCucumber/display/redirect"/>
    <property name="java.ext.dirs" value="C:\Program Files\Java\jdk1.8.0_171\jre\lib\ext;C:\WINDOWS\Sun\Java\lib\ext"/>
    <property name="os.version" value="10.0"/>
    <property name="user.home" value="C:\Users\SaifZaghloul"/>
    <property name="USERNAME" value="SaifZaghloul"/>
    <property name="java.vm.vendor" value="Oracle Corporation"/>
    <property name="PROCESSOR_LEVEL" value="6"/>
    <property name="CommonProgramW6432" value="C:\Program Files\Common Files"/>
    <property name="user.dir" value="C:\Users\SaifZaghloul\eclipse-workspace\Trial"/>
    <property name="maven.conf" value="C:\Users\SaifZaghloul\.jenkins\tools\hudson.tasks.Maven_MavenInstallation\Maven\conf"/>
    <property name="ProgramW6432" value="C:\Program Files"/>
    <property name="TMP" value="C:\Users\SAIFZA~1\AppData\Local\Temp"/>
    <property name="_JAVA_OPTIONS" value="-Xmx2048M"/>
    <property name="sun.cpu.endian" value="little"/>
    <property name="SystemDrive" value="C:"/>
    <property name="ANDROID_SDK_ROOT" value="C:\Users\SaifZaghloul\AppData\Local\Android\Sdk"/>
    <property name="java.vm.version" value="25.171-b11"/>
    <property name="java.class.path" value="C:\Users\SaifZaghloul\.jenkins\plugins\maven-plugin\WEB-INF\lib\maven35-agent-1.12-alpha-1.jar;C:\Users\SaifZaghloul\.jenkins\tools\hudson.tasks.Maven_MavenInstallation\Maven\boot\plexus-classworlds-2.5.2.jar;C:\Users\SaifZaghloul\.jenkins\tools\hudson.tasks.Maven_MavenInstallation\Maven/conf/logging"/>
    <property name="org.slf4j.simpleLogger.defaultLogLevel" value="info"/>
    <property name="os.arch" value="amd64"/>
    <property name="WORKSPACE" value="C:\Users\SaifZaghloul\.jenkins\workspace\CONCucumber"/>
    <property name="ComSpec" value="C:\WINDOWS\system32\cmd.exe"/>
    <property name="ANDROID_SDK_HOME" value="C:\Users\SaifZaghloul\AppData\Local\Android\Sdk"/>
    <property name="sun.java.launcher" value="SUN_STANDARD"/>
    <property name="FPS_BROWSER_APP_PROFILE_STRING" value="Internet Explorer"/>
    <property name="SystemRoot" value="C:\WINDOWS"/>
    <property name="CommonProgramFiles" value="C:\Program Files\Common Files"/>
    <property name="java.vm.specification.vendor" value="Oracle Corporation"/>
    <property name="FPS_BROWSER_USER_PROFILE_STRING" value="Default"/>
    <property name="file.separator" value="\"/>
    <property name="java.runtime.version" value="1.8.0_171-b11"/>
    <property name="ProgramFiles" value="C:\Program Files"/>
    <property name="sun.boot.class.path" value="C:\Program Files\Java\jdk1.8.0_171\jre\lib\resources.jar;C:\Program Files\Java\jdk1.8.0_171\jre\lib\rt.jar;C:\Program Files\Java\jdk1.8.0_171\jre\lib\sunrsasign.jar;C:\Program Files\Java\jdk1.8.0_171\jre\lib\jsse.jar;C:\Program Files\Java\jdk1.8.0_171\jre\lib\jce.jar;C:\Program Files\Java\jdk1.8.0_171\jre\lib\charsets.jar;C:\Program Files\Java\jdk1.8.0_171\jre\lib\jfr.jar;C:\Program Files\Java\jdk1.8.0_171\jre\classes"/>
    <property name="PATH+JDK" value="C:\Program Files\Java\jdk1.8.0_171/bin"/>
    <property name="user.country" value="US"/>
    <property name="POM_PACKAGING" value="jar"/>
    <property name="maven.home" value="C:\Users\SaifZaghloul\.jenkins\tools\hudson.tasks.Maven_MavenInstallation\Maven"/>
    <property name="JOB_BASE_NAME" value="CONCucumber"/>
    <property name="java.vendor" value="Oracle Corporation"/>
    <property name="POM_DISPLAYNAME" value="Trial"/>
    <property name="java.specification.version" value="1.8"/>
    <property name="sun.arch.data.model" value="64"/>
  </properties>
  <testcase name="Given user is on Home page" classname="Scenario: Successfully choosing a car" time="0.006"/>
  <testcase name="When user click on a car" classname="Scenario: Successfully choosing a car" time="0"/>
  <testcase name="Then he will be navigated to the car details page" classname="Scenario: Successfully choosing a car" time="0.01">
    <error message="String index out of range: -2" type="java.lang.StringIndexOutOfBoundsException">java.lang.StringIndexOutOfBoundsException: String index out of range: -2
</error>
  </testcase>
  <testcase name="Scenario: Successfully choosing a car" classname="Scenario: Successfully choosing a car" time="0.01">
    <error message="String index out of range: -2" type="java.lang.StringIndexOutOfBoundsException">java.lang.StringIndexOutOfBoundsException: String index out of range: -2
</error>
  </testcase>
  <testcase name="And car details will be displayed" classname="Scenario: Successfully choosing a car" time="0">
    <skipped/>
  </testcase>
</testsuite>